<?xml version="1.0" encoding="UTF-8"?>
<!-- Generated by org.testng.reporters.JUnitXMLReporter -->
<testsuite ignored="0" hostname="DESKTOP-F1G6BM7" failures="1" tests="15" name="D:/Rahul Personal/Web Automation/SauceDemoAutomationPOM/SauceDemoAutomationPOM/src/test/java/TestCases" time="137.144" errors="0" timestamp="2025-09-07T11:14:28 IST">
  <testcase classname="TestCases.TestAddToCartPage" name="TestProductVisibleOnCartBadge" time="1.991"/>
  <testcase classname="TestCases.TestCartBadgeCountValidationPage" name="ValidateCartCountBadge" time="2.505"/>
  <testcase classname="TestCases.TestCheckOutPage" name="AutomateCheckOutAndVerify" time="2.928"/>
  <testcase classname="TestCases.TestHomePage" name="TestPageTitle" time="1.676"/>
  <testcase classname="TestCases.TestLockedOutUserPage" name="VerifyLockedOutUserInLogin" time="1.44"/>
  <testcase classname="TestCases.TestLogOutPage" name="LogOutAndVerify" time="1.504">
    <failure type="org.openqa.selenium.ElementNotInteractableException" message="Element &amp;lt;a id=&amp;quot;logout_sidebar_link&amp;quot; class=&amp;quot;bm-item menu-item&amp;quot; href=&amp;quot;#&amp;quot;&amp;gt; could not be scrolled into view
Build info: version: &amp;apos;4.25.0&amp;apos;, revision: &amp;apos;8a8aea2337&amp;apos;
System info: os.name: &amp;apos;Windows 11&amp;apos;, os.arch: &amp;apos;amd64&amp;apos;, os.version: &amp;apos;10.0&amp;apos;, java.version: &amp;apos;21.0.7&amp;apos;
Driver info: org.openqa.selenium.firefox.FirefoxDriver
Command: [3460a41a-38ff-4421-9be5-c96a2888d2e6, clickElement {id=0c081729-0d78-4ca4-9486-28af2ee69016}]
Capabilities {acceptInsecureCerts: true, browserName: firefox, browserVersion: 142.0.1, moz:accessibilityChecks: false, moz:buildID: 20250827004350, moz:geckodriverVersion: 0.36.0, moz:headless: false, moz:platformVersion: 10.0, moz:processID: 41916, moz:profile: C:\Users\nandi\AppData\Loca..., moz:shutdownTimeout: 60000, moz:webdriverClick: true, moz:windowless: false, pageLoadStrategy: normal, platformName: windows, proxy: Proxy(), setWindowRect: true, strictFileInteractability: false, timeouts: {implicit: 0, pageLoad: 300000, script: 30000}, unhandledPromptBehavior: dismiss and notify, userAgent: Mozilla/5.0 (Windows NT 10....}
Element: [[FirefoxDriver: firefox on windows (3460a41a-38ff-4421-9be5-c96a2888d2e6)] -&amp;gt; xpath: //a[@id=&amp;apos;logout_sidebar_link&amp;apos;]]
Session ID: 3460a41a-38ff-4421-9be5-c96a2888d2e6">
      <![CDATA[org.openqa.selenium.ElementNotInteractableException: Element <a id="logout_sidebar_link" class="bm-item menu-item" href="#"> could not be scrolled into view
Build info: version: '4.25.0', revision: '8a8aea2337'
System info: os.name: 'Windows 11', os.arch: 'amd64', os.version: '10.0', java.version: '21.0.7'
Driver info: org.openqa.selenium.firefox.FirefoxDriver
Command: [3460a41a-38ff-4421-9be5-c96a2888d2e6, clickElement {id=0c081729-0d78-4ca4-9486-28af2ee69016}]
Capabilities {acceptInsecureCerts: true, browserName: firefox, browserVersion: 142.0.1, moz:accessibilityChecks: false, moz:buildID: 20250827004350, moz:geckodriverVersion: 0.36.0, moz:headless: false, moz:platformVersion: 10.0, moz:processID: 41916, moz:profile: C:\Users\nandi\AppData\Loca..., moz:shutdownTimeout: 60000, moz:webdriverClick: true, moz:windowless: false, pageLoadStrategy: normal, platformName: windows, proxy: Proxy(), setWindowRect: true, strictFileInteractability: false, timeouts: {implicit: 0, pageLoad: 300000, script: 30000}, unhandledPromptBehavior: dismiss and notify, userAgent: Mozilla/5.0 (Windows NT 10....}
Element: [[FirefoxDriver: firefox on windows (3460a41a-38ff-4421-9be5-c96a2888d2e6)] -> xpath: //a[@id='logout_sidebar_link']]
Session ID: 3460a41a-38ff-4421-9be5-c96a2888d2e6
at java.base/jdk.internal.reflect.DirectConstructorHandleAccessor.newInstance(DirectConstructorHandleAccessor.java:62)
at java.base/java.lang.reflect.Constructor.newInstanceWithCaller(Constructor.java:502)
at java.base/java.lang.reflect.Constructor.newInstance(Constructor.java:486)
at org.openqa.selenium.remote.ErrorCodec.decode(ErrorCodec.java:167)
at org.openqa.selenium.remote.codec.w3c.W3CHttpResponseCodec.decode(W3CHttpResponseCodec.java:138)
at org.openqa.selenium.remote.codec.w3c.W3CHttpResponseCodec.decode(W3CHttpResponseCodec.java:50)
at org.openqa.selenium.remote.HttpCommandExecutor.execute(HttpCommandExecutor.java:190)
at org.openqa.selenium.remote.service.DriverCommandExecutor.invokeExecute(DriverCommandExecutor.java:216)
at org.openqa.selenium.remote.service.DriverCommandExecutor.execute(DriverCommandExecutor.java:174)
at org.openqa.selenium.remote.RemoteWebDriver.execute(RemoteWebDriver.java:545)
at org.openqa.selenium.remote.RemoteWebElement.execute(RemoteWebElement.java:223)
at org.openqa.selenium.remote.RemoteWebElement.click(RemoteWebElement.java:76)
at Pages.BasePage.clickOnElement(BasePage.java:32)
at Pages.LogOutPage.LogOutProcess(LogOutPage.java:20)
at TestCases.TestLogOutPage.LogOutAndVerify(TestLogOutPage.java:22)
at java.base/jdk.internal.reflect.DirectMethodHandleAccessor.invoke(DirectMethodHandleAccessor.java:103)
at java.base/java.lang.reflect.Method.invoke(Method.java:580)
at org.testng.internal.invokers.MethodInvocationHelper.invokeMethod(MethodInvocationHelper.java:141)
at org.testng.internal.invokers.TestInvoker.invokeMethod(TestInvoker.java:687)
at org.testng.internal.invokers.TestInvoker.invokeTestMethod(TestInvoker.java:230)
at org.testng.internal.invokers.MethodRunner.runInSequence(MethodRunner.java:63)
at org.testng.internal.invokers.TestInvoker$MethodInvocationAgent.invoke(TestInvoker.java:995)
at org.testng.internal.invokers.TestInvoker.invokeTestMethods(TestInvoker.java:203)
at org.testng.internal.invokers.TestMethodWorker.invokeTestMethods(TestMethodWorker.java:154)
at org.testng.internal.invokers.TestMethodWorker.run(TestMethodWorker.java:134)
at java.base/java.util.ArrayList.forEach(ArrayList.java:1596)
at org.testng.TestRunner.privateRun(TestRunner.java:741)
at org.testng.TestRunner.run(TestRunner.java:616)
at org.testng.SuiteRunner.runTest(SuiteRunner.java:421)
at org.testng.SuiteRunner$SuiteWorker.run(SuiteRunner.java:463)
at org.testng.internal.thread.ThreadUtil.lambda$execute$0(ThreadUtil.java:64)
at java.base/java.util.concurrent.FutureTask.run(FutureTask.java:317)
at java.base/java.util.concurrent.ThreadPoolExecutor.runWorker(ThreadPoolExecutor.java:1144)
at java.base/java.util.concurrent.ThreadPoolExecutor$Worker.run(ThreadPoolExecutor.java:642)
at java.base/java.lang.Thread.run(Thread.java:1583)
]]>
    </failure>
  </testcase> <!-- LogOutAndVerify -->
  <testcase classname="TestCases.TestLoginPage" name="LoginWithValidCredentials" time="2.196"/>
  <testcase classname="TestCases.TestSortingProductPage" name="verifyProductDisplayedInCorrectOrderPriceLowToHigh" time="2.142"/>
  <testcase classname="TestCases.TestAddToCartPage" name="removeAndAddProductFromCartBadge" time="36.511"/>
  <testcase classname="TestCases.TestCheckOutPage" name="FinishOrderAndVerifyConfirmMassage" time="2.36"/>
  <testcase classname="TestCases.TestHomePage" name="TestPageUrl" time="2.055"/>
  <testcase classname="TestCases.TestLoginPage" name="LoginWithInValidCredentials" time="1.191"/>
  <testcase classname="TestCases.TestSortingProductPage" name="verifyProductDisplayedInCorrectOrderPriceHighToLow" time="4.329"/>
  <testcase classname="TestCases.TestSortingProductPage" name="verifyProductDisplayedInCorrectOrderNameAToZ" time="2.221"/>
  <testcase classname="TestCases.TestSortingProductPage" name="verifyProductDisplayedInCorrectOrderNameZToA" time="1.921"/>
</testsuite> <!-- D:/Rahul Personal/Web Automation/SauceDemoAutomationPOM/SauceDemoAutomationPOM/src/test/java/TestCases -->
