<html>
<head>
<title>TestNG:  D:/Rahul Personal/Web Automation/SauceDemoAutomationPOM/SauceDemoAutomationPOM/src/test/java/TestCases</title>
<link href="../testng.css" rel="stylesheet" type="text/css" />
<link href="../my-testng.css" rel="stylesheet" type="text/css" />

<style type="text/css">
.log { display: none;} 
.stack-trace { display: none;} 
</style>
<script type="text/javascript">
<!--
function flip(e) {
  current = e.style.display;
  if (current == 'block') {
    e.style.display = 'none';
    return 0;
  }
  else {
    e.style.display = 'block';
    return 1;
  }
}

function toggleBox(szDivId, elem, msg1, msg2)
{
  var res = -1;  if (document.getElementById) {
    res = flip(document.getElementById(szDivId));
  }
  else if (document.all) {
    // this is the way old msie versions work
    res = flip(document.all[szDivId]);
  }
  if(elem) {
    if(res == 0) elem.innerHTML = msg1; else elem.innerHTML = msg2;
  }

}

function toggleAllBoxes() {
  if (document.getElementsByTagName) {
    d = document.getElementsByTagName('div');
    for (i = 0; i < d.length; i++) {
      if (d[i].className == 'log') {
        flip(d[i]);
      }
    }
  }
}

// -->
</script>

</head>
<body>
<h2 align='center'>D:/Rahul Personal/Web Automation/SauceDemoAutomationPOM/SauceDemoAutomationPOM/src/test/java/TestCases</h2><table border='1' align="center">
<tr>
<td>Tests passed/Failed/Skipped:</td><td>14/1/0</td>
</tr><tr>
<td>Started on:</td><td>Sun Sep 07 11:12:11 IST 2025</td>
</tr>
<tr><td>Total time:</td><td>137 seconds (137144 ms)</td>
</tr><tr>
<td>Included groups:</td><td></td>
</tr><tr>
<td>Excluded groups:</td><td></td>
</tr>
</table><p/>
<small><i>(Hover the method name to see the test class name)</i></small><p/>
<table width='100%' border='1' class='invocation-failed'>
<tr><td colspan='4' align='center'><b>FAILED TESTS</b></td></tr>
<tr><td><b>Test method</b></td>
<td><b>Attribute(s)</b></td>
<td width="30%"><b>Exception</b></td>
<td width="10%"><b>Time (seconds)</b></td>
<td><b>Instance</b></td>
</tr>
<tr>
<td title='TestCases.TestLogOutPage.LogOutAndVerify()'><b>LogOutAndVerify</b><br>Test class: TestCases.TestLogOutPage<br>Parameters: standard_user, secret_sauce</td>
<td><div><pre>org.openqa.selenium.ElementNotInteractableException: Element &lt;a id=&quot;logout_sidebar_link&quot; class=&quot;bm-item menu-item&quot; href=&quot;#&quot;&gt; could not be scrolled into view
Build info: version: &apos;4.25.0&apos;, revision: &apos;8a8aea2337&apos;
System info: os.name: &apos;Windows 11&apos;, os.arch: &apos;amd64&apos;, os.version: &apos;10.0&apos;, java.version: &apos;21.0.7&apos;
Driver info: org.openqa.selenium.firefox.FirefoxDriver
Command: [3460a41a-38ff-4421-9be5-c96a2888d2e6, clickElement {id=0c081729-0d78-4ca4-9486-28af2ee69016}]
Capabilities {acceptInsecureCerts: true, browserName: firefox, browserVersion: 142.0.1, moz:accessibilityChecks: false, moz:buildID: 20250827004350, moz:geckodriverVersion: 0.36.0, moz:headless: false, moz:platformVersion: 10.0, moz:processID: 41916, moz:profile: C:\Users\nandi\AppData\Loca..., moz:shutdownTimeout: 60000, moz:webdriverClick: true, moz:windowless: false, pageLoadStrategy: normal, platformName: windows, proxy: Proxy(), setWindowRect: true, strictFileInteractability: false, timeouts: {implicit: 0, pageLoad: 300000, script: 30000}, unhandledPromptBehavior: dismiss and notify, userAgent: Mozilla/5.0 (Windows NT 10....}
Element: [[FirefoxDriver: firefox on windows (3460a41a-38ff-4421-9be5-c96a2888d2e6)] -&gt; xpath: //a[@id=&apos;logout_sidebar_link&apos;]]
Session ID: 3460a41a-38ff-4421-9be5-c96a2888d2e6
	at java.base/jdk.internal.reflect.DirectConstructorHandleAccessor.newInstance(DirectConstructorHandleAccessor.java:62)
	at java.base/java.lang.reflect.Constructor.newInstanceWithCaller(Constructor.java:502)
	at java.base/java.lang.reflect.Constructor.newInstance(Constructor.java:486)
	at org.openqa.selenium.remote.ErrorCodec.decode(ErrorCodec.java:167)
	at org.openqa.selenium.remote.codec.w3c.W3CHttpResponseCodec.decode(W3CHttpResponseCodec.java:138)
	at org.openqa.selenium.remote.codec.w3c.W3CHttpResponseCodec.decode(W3CHttpResponseCodec.java:50)
	at org.openqa.selenium.remote.HttpCommandExecutor.execute(HttpCommandExecutor.java:190)
	at org.openqa.selenium.remote.service.DriverCommandExecutor.invokeExecute(DriverCommandExecutor.java:216)
	at org.openqa.selenium.remote.service.DriverCommandExecutor.execute(DriverCommandExecutor.java:174)
	at org.openqa.selenium.remote.RemoteWebDriver.execute(RemoteWebDriver.java:545)
	at org.openqa.selenium.remote.RemoteWebElement.execute(RemoteWebElement.java:223)
	at org.openqa.selenium.remote.RemoteWebElement.click(RemoteWebElement.java:76)
	at Pages.BasePage.clickOnElement(BasePage.java:32)
	at Pages.LogOutPage.LogOutProcess(LogOutPage.java:20)
	at TestCases.TestLogOutPage.LogOutAndVerify(TestLogOutPage.java:22)
	at java.base/jdk.internal.reflect.DirectMethodHandleAccessor.invoke(DirectMethodHandleAccessor.java:103)
	at java.base/java.lang.reflect.Method.invoke(Method.java:580)
	at org.testng.internal.invokers.MethodInvocationHelper.invokeMethod(MethodInvocationHelper.java:141)
	at org.testng.internal.invokers.TestInvoker.invokeMethod(TestInvoker.java:687)
	at org.testng.internal.invokers.TestInvoker.invokeTestMethod(TestInvoker.java:230)
	at org.testng.internal.invokers.MethodRunner.runInSequence(MethodRunner.java:63)
	at org.testng.internal.invokers.TestInvoker$MethodInvocationAgent.invoke(TestInvoker.java:995)
	at org.testng.internal.invokers.TestInvoker.invokeTestMethods(TestInvoker.java:203)
	at org.testng.internal.invokers.TestMethodWorker.invokeTestMethods(TestMethodWorker.java:154)
	at org.testng.internal.invokers.TestMethodWorker.run(TestMethodWorker.java:134)
	at java.base/java.util.ArrayList.forEach(ArrayList.java:1596)
	at org.testng.TestRunner.privateRun(TestRunner.java:741)
	at org.testng.TestRunner.run(TestRunner.java:616)
	at org.testng.SuiteRunner.runTest(SuiteRunner.java:421)
	at org.testng.SuiteRunner$SuiteWorker.run(SuiteRunner.java:463)
	at org.testng.internal.thread.ThreadUtil.lambda$execute$0(ThreadUtil.java:64)
	at java.base/java.util.concurrent.FutureTask.run(FutureTask.java:317)
	at java.base/java.util.concurrent.ThreadPoolExecutor.runWorker(ThreadPoolExecutor.java:1144)
	at java.base/java.util.concurrent.ThreadPoolExecutor$Worker.run(ThreadPoolExecutor.java:642)
	at java.base/java.lang.Thread.run(Thread.java:1583)
</pre></div><a href='#' onClick='toggleBox("stack-trace369567096", this, "Click to show all stack frames", "Click to hide stack frames")'>Click to show all stack frames</a>
<div class='stack-trace' id='stack-trace369567096'><pre>org.openqa.selenium.ElementNotInteractableException: Element &lt;a id=&quot;logout_sidebar_link&quot; class=&quot;bm-item menu-item&quot; href=&quot;#&quot;&gt; could not be scrolled into view
Build info: version: &apos;4.25.0&apos;, revision: &apos;8a8aea2337&apos;
System info: os.name: &apos;Windows 11&apos;, os.arch: &apos;amd64&apos;, os.version: &apos;10.0&apos;, java.version: &apos;21.0.7&apos;
Driver info: org.openqa.selenium.firefox.FirefoxDriver
Command: [3460a41a-38ff-4421-9be5-c96a2888d2e6, clickElement {id=0c081729-0d78-4ca4-9486-28af2ee69016}]
Capabilities {acceptInsecureCerts: true, browserName: firefox, browserVersion: 142.0.1, moz:accessibilityChecks: false, moz:buildID: 20250827004350, moz:geckodriverVersion: 0.36.0, moz:headless: false, moz:platformVersion: 10.0, moz:processID: 41916, moz:profile: C:\Users\nandi\AppData\Loca..., moz:shutdownTimeout: 60000, moz:webdriverClick: true, moz:windowless: false, pageLoadStrategy: normal, platformName: windows, proxy: Proxy(), setWindowRect: true, strictFileInteractability: false, timeouts: {implicit: 0, pageLoad: 300000, script: 30000}, unhandledPromptBehavior: dismiss and notify, userAgent: Mozilla/5.0 (Windows NT 10....}
Element: [[FirefoxDriver: firefox on windows (3460a41a-38ff-4421-9be5-c96a2888d2e6)] -&gt; xpath: //a[@id=&apos;logout_sidebar_link&apos;]]
Session ID: 3460a41a-38ff-4421-9be5-c96a2888d2e6
	at java.base/jdk.internal.reflect.DirectConstructorHandleAccessor.newInstance(DirectConstructorHandleAccessor.java:62)
	at java.base/java.lang.reflect.Constructor.newInstanceWithCaller(Constructor.java:502)
	at java.base/java.lang.reflect.Constructor.newInstance(Constructor.java:486)
	at org.openqa.selenium.remote.ErrorCodec.decode(ErrorCodec.java:167)
	at org.openqa.selenium.remote.codec.w3c.W3CHttpResponseCodec.decode(W3CHttpResponseCodec.java:138)
	at org.openqa.selenium.remote.codec.w3c.W3CHttpResponseCodec.decode(W3CHttpResponseCodec.java:50)
	at org.openqa.selenium.remote.HttpCommandExecutor.execute(HttpCommandExecutor.java:190)
	at org.openqa.selenium.remote.service.DriverCommandExecutor.invokeExecute(DriverCommandExecutor.java:216)
	at org.openqa.selenium.remote.service.DriverCommandExecutor.execute(DriverCommandExecutor.java:174)
	at org.openqa.selenium.remote.RemoteWebDriver.execute(RemoteWebDriver.java:545)
	at org.openqa.selenium.remote.RemoteWebElement.execute(RemoteWebElement.java:223)
	at org.openqa.selenium.remote.RemoteWebElement.click(RemoteWebElement.java:76)
	at Pages.BasePage.clickOnElement(BasePage.java:32)
	at Pages.LogOutPage.LogOutProcess(LogOutPage.java:20)
	at TestCases.TestLogOutPage.LogOutAndVerify(TestLogOutPage.java:22)
	at java.base/jdk.internal.reflect.DirectMethodHandleAccessor.invoke(DirectMethodHandleAccessor.java:103)
	at java.base/java.lang.reflect.Method.invoke(Method.java:580)
	at org.testng.internal.invokers.MethodInvocationHelper.invokeMethod(MethodInvocationHelper.java:141)
	at org.testng.internal.invokers.TestInvoker.invokeMethod(TestInvoker.java:687)
	at org.testng.internal.invokers.TestInvoker.invokeTestMethod(TestInvoker.java:230)
	at org.testng.internal.invokers.MethodRunner.runInSequence(MethodRunner.java:63)
	at org.testng.internal.invokers.TestInvoker$MethodInvocationAgent.invoke(TestInvoker.java:995)
	at org.testng.internal.invokers.TestInvoker.invokeTestMethods(TestInvoker.java:203)
	at org.testng.internal.invokers.TestMethodWorker.invokeTestMethods(TestMethodWorker.java:154)
	at org.testng.internal.invokers.TestMethodWorker.run(TestMethodWorker.java:134)
	at java.base/java.util.ArrayList.forEach(ArrayList.java:1596)
	at org.testng.TestRunner.privateRun(TestRunner.java:741)
	at org.testng.TestRunner.run(TestRunner.java:616)
	at org.testng.SuiteRunner.runTest(SuiteRunner.java:421)
	at org.testng.SuiteRunner$SuiteWorker.run(SuiteRunner.java:463)
	at org.testng.internal.thread.ThreadUtil.lambda$execute$0(ThreadUtil.java:64)
	at java.base/java.util.concurrent.FutureTask.run(FutureTask.java:317)
	at java.base/java.util.concurrent.ThreadPoolExecutor.runWorker(ThreadPoolExecutor.java:1144)
	at java.base/java.util.concurrent.ThreadPoolExecutor$Worker.run(ThreadPoolExecutor.java:642)
	at java.base/java.lang.Thread.run(Thread.java:1583)
</pre></div></td>
<td>1</td>
<td>TestCases.TestLogOutPage@389b0789</td></tr>
</table><p>
<table width='100%' border='1' class='invocation-passed'>
<tr><td colspan='4' align='center'><b>PASSED TESTS</b></td></tr>
<tr><td><b>Test method</b></td>
<td><b>Attribute(s)</b></td>
<td width="30%"><b>Exception</b></td>
<td width="10%"><b>Time (seconds)</b></td>
<td><b>Instance</b></td>
</tr>
<tr>
<td title='TestCases.TestAddToCartPage.removeAndAddProductFromCartBadge()'><b>removeAndAddProductFromCartBadge</b><br>Test class: TestCases.TestAddToCartPage<br>Parameters: standard_user, secret_sauce</td>
<td></td>
<td>36</td>
<td>TestCases.TestAddToCartPage@13526e59</td></tr>
<tr>
<td title='TestCases.TestSortingProductPage.verifyProductDisplayedInCorrectOrderPriceHighToLow()'><b>verifyProductDisplayedInCorrectOrderPriceHighToLow</b><br>Test class: TestCases.TestSortingProductPage<br>Parameters: standard_user, secret_sauce</td>
<td></td>
<td>4</td>
<td>TestCases.TestSortingProductPage@2462cb01</td></tr>
<tr>
<td title='TestCases.TestAddToCartPage.TestProductVisibleOnCartBadge()'><b>TestProductVisibleOnCartBadge</b><br>Test class: TestCases.TestAddToCartPage<br>Parameters: standard_user, secret_sauce</td>
<td></td>
<td>1</td>
<td>TestCases.TestAddToCartPage@13526e59</td></tr>
<tr>
<td title='TestCases.TestHomePage.TestPageUrl()'><b>TestPageUrl</b><br>Test class: TestCases.TestHomePage<br>Parameters: standard_user, secret_sauce</td>
<td></td>
<td>2</td>
<td>TestCases.TestHomePage@7de62196</td></tr>
<tr>
<td title='TestCases.TestSortingProductPage.verifyProductDisplayedInCorrectOrderNameAToZ()'><b>verifyProductDisplayedInCorrectOrderNameAToZ</b><br>Test class: TestCases.TestSortingProductPage<br>Parameters: standard_user, secret_sauce</td>
<td></td>
<td>2</td>
<td>TestCases.TestSortingProductPage@2462cb01</td></tr>
<tr>
<td title='TestCases.TestCheckOutPage.AutomateCheckOutAndVerify()'><b>AutomateCheckOutAndVerify</b><br>Test class: TestCases.TestCheckOutPage<br>Parameters: standard_user, secret_sauce</td>
<td></td>
<td>2</td>
<td>TestCases.TestCheckOutPage@1787f2a0</td></tr>
<tr>
<td title='TestCases.TestSortingProductPage.verifyProductDisplayedInCorrectOrderNameZToA()'><b>verifyProductDisplayedInCorrectOrderNameZToA</b><br>Test class: TestCases.TestSortingProductPage<br>Parameters: standard_user, secret_sauce</td>
<td></td>
<td>1</td>
<td>TestCases.TestSortingProductPage@2462cb01</td></tr>
<tr>
<td title='TestCases.TestSortingProductPage.verifyProductDisplayedInCorrectOrderPriceLowToHigh()'><b>verifyProductDisplayedInCorrectOrderPriceLowToHigh</b><br>Test class: TestCases.TestSortingProductPage<br>Parameters: standard_user, secret_sauce</td>
<td></td>
<td>2</td>
<td>TestCases.TestSortingProductPage@2462cb01</td></tr>
<tr>
<td title='TestCases.TestHomePage.TestPageTitle()'><b>TestPageTitle</b><br>Test class: TestCases.TestHomePage<br>Parameters: standard_user, secret_sauce</td>
<td></td>
<td>1</td>
<td>TestCases.TestHomePage@7de62196</td></tr>
<tr>
<td title='TestCases.TestCheckOutPage.FinishOrderAndVerifyConfirmMassage()'><b>FinishOrderAndVerifyConfirmMassage</b><br>Test class: TestCases.TestCheckOutPage<br>Parameters: standard_user, secret_sauce</td>
<td></td>
<td>2</td>
<td>TestCases.TestCheckOutPage@1787f2a0</td></tr>
<tr>
<td title='TestCases.TestLoginPage.LoginWithInValidCredentials()'><b>LoginWithInValidCredentials</b><br>Test class: TestCases.TestLoginPage<br>Parameters: Nandhu_user, Nandhu11</td>
<td></td>
<td>1</td>
<td>TestCases.TestLoginPage@13d9cbf5</td></tr>
<tr>
<td title='TestCases.TestLoginPage.LoginWithValidCredentials()'><b>LoginWithValidCredentials</b><br>Test class: TestCases.TestLoginPage<br>Parameters: standard_user, secret_sauce</td>
<td></td>
<td>2</td>
<td>TestCases.TestLoginPage@13d9cbf5</td></tr>
<tr>
<td title='TestCases.TestLockedOutUserPage.VerifyLockedOutUserInLogin()'><b>VerifyLockedOutUserInLogin</b><br>Test class: TestCases.TestLockedOutUserPage<br>Parameters: locked_out_user, secret_sauce</td>
<td></td>
<td>1</td>
<td>TestCases.TestLockedOutUserPage@7905a0b8</td></tr>
<tr>
<td title='TestCases.TestCartBadgeCountValidationPage.ValidateCartCountBadge()'><b>ValidateCartCountBadge</b><br>Test class: TestCases.TestCartBadgeCountValidationPage<br>Parameters: standard_user, secret_sauce</td>
<td></td>
<td>2</td>
<td>TestCases.TestCartBadgeCountValidationPage@1ebea008</td></tr>
</table><p>
</body>
</html>